The system is: Linux - 4.13.0-16-generic - x86_64
Compiling the C compiler identification source file "CMakeCCompilerId.c" succeeded.
Compiler: /opt/android-ndk/toolchains/arm-linux-androideabi-4.9/prebuilt/linux-x86_64/bin/arm-linux-androideabi-gcc --sysroot=/opt/android-ndk/platforms/android-14/arch-arm
Build flags: 
Id flags:  

The output was:
0


Compilation of the C compiler identification source "CMakeCCompilerId.c" produced "a.out"

The C compiler identification is GNU, found in "/home/user/Documents/Projects/master_chromium62.0.3202.84/src/anonize2/relic-droid-x86/CMakeFiles/3.9.1/CompilerIdC/a.out"

Compiling the CXX compiler identification source file "CMakeCXXCompilerId.cpp" succeeded.
Compiler: /opt/android-ndk/toolchains/arm-linux-androideabi-4.9/prebuilt/linux-x86_64/bin/arm-linux-androideabi-g++ --sysroot=/opt/android-ndk/platforms/android-14/arch-arm
Build flags: 
Id flags:  

The output was:
0


Compilation of the CXX compiler identification source "CMakeCXXCompilerId.cpp" produced "a.out"

The CXX compiler identification is GNU, found in "/home/user/Documents/Projects/master_chromium62.0.3202.84/src/anonize2/relic-droid-x86/CMakeFiles/3.9.1/CompilerIdCXX/a.out"

Determining if the C compiler works passed with the following output:
Change Dir: /home/user/Documents/Projects/master_chromium62.0.3202.84/src/anonize2/relic-droid-x86/CMakeFiles/CMakeTmp

Run Build Command:"/usr/bin/make" "cmTC_cc3d3/fast"
/usr/bin/make -f CMakeFiles/cmTC_cc3d3.dir/build.make CMakeFiles/cmTC_cc3d3.dir/build
make[1]: Entering directory '/home/user/Documents/Projects/master_chromium62.0.3202.84/src/anonize2/relic-droid-x86/CMakeFiles/CMakeTmp'
Building C object CMakeFiles/cmTC_cc3d3.dir/testCCompiler.c.o
/opt/android-ndk/toolchains/arm-linux-androideabi-4.9/prebuilt/linux-x86_64/bin/arm-linux-androideabi-gcc   --sysroot=/opt/android-ndk/platforms/android-14/arch-arm    -o CMakeFiles/cmTC_cc3d3.dir/testCCompiler.c.o   -c /home/user/Documents/Projects/master_chromium62.0.3202.84/src/anonize2/relic-droid-x86/CMakeFiles/CMakeTmp/testCCompiler.c
Linking C executable cmTC_cc3d3
/usr/bin/cmake -E cmake_link_script CMakeFiles/cmTC_cc3d3.dir/link.txt --verbose=1
/opt/android-ndk/toolchains/arm-linux-androideabi-4.9/prebuilt/linux-x86_64/bin/arm-linux-androideabi-gcc   --sysroot=/opt/android-ndk/platforms/android-14/arch-arm      -rdynamic CMakeFiles/cmTC_cc3d3.dir/testCCompiler.c.o  -o cmTC_cc3d3 
make[1]: Leaving directory '/home/user/Documents/Projects/master_chromium62.0.3202.84/src/anonize2/relic-droid-x86/CMakeFiles/CMakeTmp'


Detecting C compiler ABI info compiled with the following output:
Change Dir: /home/user/Documents/Projects/master_chromium62.0.3202.84/src/anonize2/relic-droid-x86/CMakeFiles/CMakeTmp

Run Build Command:"/usr/bin/make" "cmTC_724c0/fast"
/usr/bin/make -f CMakeFiles/cmTC_724c0.dir/build.make CMakeFiles/cmTC_724c0.dir/build
make[1]: Entering directory '/home/user/Documents/Projects/master_chromium62.0.3202.84/src/anonize2/relic-droid-x86/CMakeFiles/CMakeTmp'
Building C object CMakeFiles/cmTC_724c0.dir/CMakeCCompilerABI.c.o
/opt/android-ndk/toolchains/arm-linux-androideabi-4.9/prebuilt/linux-x86_64/bin/arm-linux-androideabi-gcc   --sysroot=/opt/android-ndk/platforms/android-14/arch-arm    -o CMakeFiles/cmTC_724c0.dir/CMakeCCompilerABI.c.o   -c /usr/share/cmake-3.9/Modules/CMakeCCompilerABI.c
Linking C executable cmTC_724c0
/usr/bin/cmake -E cmake_link_script CMakeFiles/cmTC_724c0.dir/link.txt --verbose=1
/opt/android-ndk/toolchains/arm-linux-androideabi-4.9/prebuilt/linux-x86_64/bin/arm-linux-androideabi-gcc   --sysroot=/opt/android-ndk/platforms/android-14/arch-arm     -v -rdynamic CMakeFiles/cmTC_724c0.dir/CMakeCCompilerABI.c.o  -o cmTC_724c0 
Using built-in specs.
COLLECT_GCC=/opt/android-ndk/toolchains/arm-linux-androideabi-4.9/prebuilt/linux-x86_64/bin/arm-linux-androideabi-gcc
COLLECT_LTO_WRAPPER=/opt/android-ndk/toolchains/arm-linux-androideabi-4.9/prebuilt/linux-x86_64/bin/../libexec/gcc/arm-linux-androideabi/4.9.x/lto-wrapper
Target: arm-linux-androideabi
Configured with: /usr/local/google/buildbot/src/android/gcc/toolchain/build/../gcc/gcc-4.9/configure --prefix=/tmp/7b21daf2c1357ae66bd1633d4faf8a6d --target=arm-linux-androideabi --host=x86_64-linux-gnu --build=x86_64-linux-gnu --with-gnu-as --with-gnu-ld --enable-languages=c,c++ --with-gmp=/buildbot/tmp/build/toolchain/temp-install --with-mpfr=/buildbot/tmp/build/toolchain/temp-install --with-mpc=/buildbot/tmp/build/toolchain/temp-install --with-cloog=/buildbot/tmp/build/toolchain/temp-install --with-isl=/buildbot/tmp/build/toolchain/temp-install --with-ppl=/buildbot/tmp/build/toolchain/temp-install --disable-ppl-version-check --disable-cloog-version-check --disable-isl-version-check --enable-cloog-backend=isl --with-host-libstdcxx='-static-libgcc -Wl,-Bstatic,-lstdc++,-Bdynamic -lm' --disable-libssp --enable-threads --disable-nls --disable-libmudflap --disable-libgomp --disable-libstdc__-v3 --disable-sjlj-exceptions --disable-shared --disable-tls --disable-libitm --with-float=soft --with-fpu=vfp --with-arch=armv5te --enable-target-optspace --enable-bionic-libs --enable-libatomic-ifuncs=no --enable-initfini-array --disable-nls --prefix=/tmp/7b21daf2c1357ae66bd1633d4faf8a6d --with-sysroot=/tmp/7b21daf2c1357ae66bd1633d4faf8a6d/sysroot --with-binutils-version=2.27 --with-mpfr-version=3.1.1 --with-mpc-version=1.0.1 --with-gmp-version=5.0.5 --with-gcc-version=4.9 --with-gdb-version=none --with-gxx-include-dir=/tmp/7b21daf2c1357ae66bd1633d4faf8a6d/include/c++/4.9.x --with-bugurl=http://source.android.com/source/report-bugs.html --enable-languages=c,c++ --disable-bootstrap --enable-plugins --enable-libgomp --enable-gnu-indirect-function --disable-libsanitizer --enable-gold --enable-threads --enable-eh-frame-hdr-for-static --enable-graphite=yes --with-isl-version=0.11.1 --with-cloog-version=0.18.0 --with-arch=armv5te --program-transform-name='s&^&arm-linux-androideabi-&' --enable-gold=default
Thread model: posix
gcc version 4.9.x 20150123 (prerelease) (GCC) 
COMPILER_PATH=/opt/android-ndk/toolchains/arm-linux-androideabi-4.9/prebuilt/linux-x86_64/bin/../libexec/gcc/arm-linux-androideabi/4.9.x/:/opt/android-ndk/toolchains/arm-linux-androideabi-4.9/prebuilt/linux-x86_64/bin/../libexec/gcc/:/opt/android-ndk/toolchains/arm-linux-androideabi-4.9/prebuilt/linux-x86_64/bin/../lib/gcc/arm-linux-androideabi/4.9.x/../../../../arm-linux-androideabi/bin/
LIBRARY_PATH=/opt/android-ndk/toolchains/arm-linux-androideabi-4.9/prebuilt/linux-x86_64/bin/../lib/gcc/arm-linux-androideabi/4.9.x/:/opt/android-ndk/toolchains/arm-linux-androideabi-4.9/prebuilt/linux-x86_64/bin/../lib/gcc/:/opt/android-ndk/toolchains/arm-linux-androideabi-4.9/prebuilt/linux-x86_64/bin/../lib/gcc/arm-linux-androideabi/4.9.x/../../../../arm-linux-androideabi/lib/:/opt/android-ndk/platforms/android-14/arch-arm/usr/lib/
COLLECT_GCC_OPTIONS='-v' '-rdynamic' '-o' 'cmTC_724c0' '-march=armv5te' '-mfloat-abi=soft' '-mfpu=vfp' '-mtls-dialect=gnu'
 /opt/android-ndk/toolchains/arm-linux-androideabi-4.9/prebuilt/linux-x86_64/bin/../libexec/gcc/arm-linux-androideabi/4.9.x/collect2 -plugin /opt/android-ndk/toolchains/arm-linux-androideabi-4.9/prebuilt/linux-x86_64/bin/../libexec/gcc/arm-linux-androideabi/4.9.x/liblto_plugin.so -plugin-opt=/opt/android-ndk/toolchains/arm-linux-androideabi-4.9/prebuilt/linux-x86_64/bin/../libexec/gcc/arm-linux-androideabi/4.9.x/lto-wrapper -plugin-opt=-fresolution=/tmp/ccXRYQZT.res -plugin-opt=-pass-through=-lgcc -plugin-opt=-pass-through=-lc -plugin-opt=-pass-through=-ldl -plugin-opt=-pass-through=-lgcc --sysroot=/opt/android-ndk/platforms/android-14/arch-arm --eh-frame-hdr -export-dynamic -dynamic-linker /system/bin/linker -X -m armelf_linux_eabi -z noexecstack -z relro -z now -o cmTC_724c0 /opt/android-ndk/platforms/android-14/arch-arm/usr/lib/crtbegin_dynamic.o -L/opt/android-ndk/toolchains/arm-linux-androideabi-4.9/prebuilt/linux-x86_64/bin/../lib/gcc/arm-linux-androideabi/4.9.x -L/opt/android-ndk/toolchains/arm-linux-androideabi-4.9/prebuilt/linux-x86_64/bin/../lib/gcc -L/opt/android-ndk/toolchains/arm-linux-androideabi-4.9/prebuilt/linux-x86_64/bin/../lib/gcc/arm-linux-androideabi/4.9.x/../../../../arm-linux-androideabi/lib -L/opt/android-ndk/platforms/android-14/arch-arm/usr/lib CMakeFiles/cmTC_724c0.dir/CMakeCCompilerABI.c.o -lgcc -lc -ldl -lgcc /opt/android-ndk/platforms/android-14/arch-arm/usr/lib/crtend_android.o
make[1]: Leaving directory '/home/user/Documents/Projects/master_chromium62.0.3202.84/src/anonize2/relic-droid-x86/CMakeFiles/CMakeTmp'


Parsed C implicit link information from above output:
  link line regex: [^( *|.*[/\])(ld|CMAKE_LINK_STARTFILE-NOTFOUND|([^/\]+-)?ld|collect2)[^/\]*( |$)]
  ignore line: [Change Dir: /home/user/Documents/Projects/master_chromium62.0.3202.84/src/anonize2/relic-droid-x86/CMakeFiles/CMakeTmp]
  ignore line: []
  ignore line: [Run Build Command:"/usr/bin/make" "cmTC_724c0/fast"]
  ignore line: [/usr/bin/make -f CMakeFiles/cmTC_724c0.dir/build.make CMakeFiles/cmTC_724c0.dir/build]
  ignore line: [make[1]: Entering directory '/home/user/Documents/Projects/master_chromium62.0.3202.84/src/anonize2/relic-droid-x86/CMakeFiles/CMakeTmp']
  ignore line: [Building C object CMakeFiles/cmTC_724c0.dir/CMakeCCompilerABI.c.o]
  ignore line: [/opt/android-ndk/toolchains/arm-linux-androideabi-4.9/prebuilt/linux-x86_64/bin/arm-linux-androideabi-gcc   --sysroot=/opt/android-ndk/platforms/android-14/arch-arm    -o CMakeFiles/cmTC_724c0.dir/CMakeCCompilerABI.c.o   -c /usr/share/cmake-3.9/Modules/CMakeCCompilerABI.c]
  ignore line: [Linking C executable cmTC_724c0]
  ignore line: [/usr/bin/cmake -E cmake_link_script CMakeFiles/cmTC_724c0.dir/link.txt --verbose=1]
  ignore line: [/opt/android-ndk/toolchains/arm-linux-androideabi-4.9/prebuilt/linux-x86_64/bin/arm-linux-androideabi-gcc   --sysroot=/opt/android-ndk/platforms/android-14/arch-arm     -v -rdynamic CMakeFiles/cmTC_724c0.dir/CMakeCCompilerABI.c.o  -o cmTC_724c0 ]
  ignore line: [Using built-in specs.]
  ignore line: [COLLECT_GCC=/opt/android-ndk/toolchains/arm-linux-androideabi-4.9/prebuilt/linux-x86_64/bin/arm-linux-androideabi-gcc]
  ignore line: [COLLECT_LTO_WRAPPER=/opt/android-ndk/toolchains/arm-linux-androideabi-4.9/prebuilt/linux-x86_64/bin/../libexec/gcc/arm-linux-androideabi/4.9.x/lto-wrapper]
  ignore line: [Target: arm-linux-androideabi]
  ignore line: [Configured with: /usr/local/google/buildbot/src/android/gcc/toolchain/build/../gcc/gcc-4.9/configure --prefix=/tmp/7b21daf2c1357ae66bd1633d4faf8a6d --target=arm-linux-androideabi --host=x86_64-linux-gnu --build=x86_64-linux-gnu --with-gnu-as --with-gnu-ld --enable-languages=c,c++ --with-gmp=/buildbot/tmp/build/toolchain/temp-install --with-mpfr=/buildbot/tmp/build/toolchain/temp-install --with-mpc=/buildbot/tmp/build/toolchain/temp-install --with-cloog=/buildbot/tmp/build/toolchain/temp-install --with-isl=/buildbot/tmp/build/toolchain/temp-install --with-ppl=/buildbot/tmp/build/toolchain/temp-install --disable-ppl-version-check --disable-cloog-version-check --disable-isl-version-check --enable-cloog-backend=isl --with-host-libstdcxx='-static-libgcc -Wl,-Bstatic,-lstdc++,-Bdynamic -lm' --disable-libssp --enable-threads --disable-nls --disable-libmudflap --disable-libgomp --disable-libstdc__-v3 --disable-sjlj-exceptions --disable-shared --disable-tls --disable-libitm --with-float=soft --with-fpu=vfp --with-arch=armv5te --enable-target-optspace --enable-bionic-libs --enable-libatomic-ifuncs=no --enable-initfini-array --disable-nls --prefix=/tmp/7b21daf2c1357ae66bd1633d4faf8a6d --with-sysroot=/tmp/7b21daf2c1357ae66bd1633d4faf8a6d/sysroot --with-binutils-version=2.27 --with-mpfr-version=3.1.1 --with-mpc-version=1.0.1 --with-gmp-version=5.0.5 --with-gcc-version=4.9 --with-gdb-version=none --with-gxx-include-dir=/tmp/7b21daf2c1357ae66bd1633d4faf8a6d/include/c++/4.9.x --with-bugurl=http://source.android.com/source/report-bugs.html --enable-languages=c,c++ --disable-bootstrap --enable-plugins --enable-libgomp --enable-gnu-indirect-function --disable-libsanitizer --enable-gold --enable-threads --enable-eh-frame-hdr-for-static --enable-graphite=yes --with-isl-version=0.11.1 --with-cloog-version=0.18.0 --with-arch=armv5te --program-transform-name='s&^&arm-linux-androideabi-&' --enable-gold=default]
  ignore line: [Thread model: posix]
  ignore line: [gcc version 4.9.x 20150123 (prerelease) (GCC) ]
  ignore line: [COMPILER_PATH=/opt/android-ndk/toolchains/arm-linux-androideabi-4.9/prebuilt/linux-x86_64/bin/../libexec/gcc/arm-linux-androideabi/4.9.x/:/opt/android-ndk/toolchains/arm-linux-androideabi-4.9/prebuilt/linux-x86_64/bin/../libexec/gcc/:/opt/android-ndk/toolchains/arm-linux-androideabi-4.9/prebuilt/linux-x86_64/bin/../lib/gcc/arm-linux-androideabi/4.9.x/../../../../arm-linux-androideabi/bin/]
  ignore line: [LIBRARY_PATH=/opt/android-ndk/toolchains/arm-linux-androideabi-4.9/prebuilt/linux-x86_64/bin/../lib/gcc/arm-linux-androideabi/4.9.x/:/opt/android-ndk/toolchains/arm-linux-androideabi-4.9/prebuilt/linux-x86_64/bin/../lib/gcc/:/opt/android-ndk/toolchains/arm-linux-androideabi-4.9/prebuilt/linux-x86_64/bin/../lib/gcc/arm-linux-androideabi/4.9.x/../../../../arm-linux-androideabi/lib/:/opt/android-ndk/platforms/android-14/arch-arm/usr/lib/]
  ignore line: [COLLECT_GCC_OPTIONS='-v' '-rdynamic' '-o' 'cmTC_724c0' '-march=armv5te' '-mfloat-abi=soft' '-mfpu=vfp' '-mtls-dialect=gnu']
  link line: [ /opt/android-ndk/toolchains/arm-linux-androideabi-4.9/prebuilt/linux-x86_64/bin/../libexec/gcc/arm-linux-androideabi/4.9.x/collect2 -plugin /opt/android-ndk/toolchains/arm-linux-androideabi-4.9/prebuilt/linux-x86_64/bin/../libexec/gcc/arm-linux-androideabi/4.9.x/liblto_plugin.so -plugin-opt=/opt/android-ndk/toolchains/arm-linux-androideabi-4.9/prebuilt/linux-x86_64/bin/../libexec/gcc/arm-linux-androideabi/4.9.x/lto-wrapper -plugin-opt=-fresolution=/tmp/ccXRYQZT.res -plugin-opt=-pass-through=-lgcc -plugin-opt=-pass-through=-lc -plugin-opt=-pass-through=-ldl -plugin-opt=-pass-through=-lgcc --sysroot=/opt/android-ndk/platforms/android-14/arch-arm --eh-frame-hdr -export-dynamic -dynamic-linker /system/bin/linker -X -m armelf_linux_eabi -z noexecstack -z relro -z now -o cmTC_724c0 /opt/android-ndk/platforms/android-14/arch-arm/usr/lib/crtbegin_dynamic.o -L/opt/android-ndk/toolchains/arm-linux-androideabi-4.9/prebuilt/linux-x86_64/bin/../lib/gcc/arm-linux-androideabi/4.9.x -L/opt/android-ndk/toolchains/arm-linux-androideabi-4.9/prebuilt/linux-x86_64/bin/../lib/gcc -L/opt/android-ndk/toolchains/arm-linux-androideabi-4.9/prebuilt/linux-x86_64/bin/../lib/gcc/arm-linux-androideabi/4.9.x/../../../../arm-linux-androideabi/lib -L/opt/android-ndk/platforms/android-14/arch-arm/usr/lib CMakeFiles/cmTC_724c0.dir/CMakeCCompilerABI.c.o -lgcc -lc -ldl -lgcc /opt/android-ndk/platforms/android-14/arch-arm/usr/lib/crtend_android.o]
    arg [/opt/android-ndk/toolchains/arm-linux-androideabi-4.9/prebuilt/linux-x86_64/bin/../libexec/gcc/arm-linux-androideabi/4.9.x/collect2] ==> ignore
    arg [-plugin] ==> ignore
    arg [/opt/android-ndk/toolchains/arm-linux-androideabi-4.9/prebuilt/linux-x86_64/bin/../libexec/gcc/arm-linux-androideabi/4.9.x/liblto_plugin.so] ==> ignore
    arg [-plugin-opt=/opt/android-ndk/toolchains/arm-linux-androideabi-4.9/prebuilt/linux-x86_64/bin/../libexec/gcc/arm-linux-androideabi/4.9.x/lto-wrapper] ==> ignore
    arg [-plugin-opt=-fresolution=/tmp/ccXRYQZT.res] ==> ignore
    arg [-plugin-opt=-pass-through=-lgcc] ==> ignore
    arg [-plugin-opt=-pass-through=-lc] ==> ignore
    arg [-plugin-opt=-pass-through=-ldl] ==> ignore
    arg [-plugin-opt=-pass-through=-lgcc] ==> ignore
    arg [--sysroot=/opt/android-ndk/platforms/android-14/arch-arm] ==> ignore
    arg [--eh-frame-hdr] ==> ignore
    arg [-export-dynamic] ==> ignore
    arg [-dynamic-linker] ==> ignore
    arg [/system/bin/linker] ==> ignore
    arg [-X] ==> ignore
    arg [-m] ==> ignore
    arg [armelf_linux_eabi] ==> ignore
    arg [-znoexecstack] ==> ignore
    arg [-zrelro] ==> ignore
    arg [-znow] ==> ignore
    arg [-o] ==> ignore
    arg [cmTC_724c0] ==> ignore
    arg [/opt/android-ndk/platforms/android-14/arch-arm/usr/lib/crtbegin_dynamic.o] ==> ignore
    arg [-L/opt/android-ndk/toolchains/arm-linux-androideabi-4.9/prebuilt/linux-x86_64/bin/../lib/gcc/arm-linux-androideabi/4.9.x] ==> dir [/opt/android-ndk/toolchains/arm-linux-androideabi-4.9/prebuilt/linux-x86_64/bin/../lib/gcc/arm-linux-androideabi/4.9.x]
    arg [-L/opt/android-ndk/toolchains/arm-linux-androideabi-4.9/prebuilt/linux-x86_64/bin/../lib/gcc] ==> dir [/opt/android-ndk/toolchains/arm-linux-androideabi-4.9/prebuilt/linux-x86_64/bin/../lib/gcc]
    arg [-L/opt/android-ndk/toolchains/arm-linux-androideabi-4.9/prebuilt/linux-x86_64/bin/../lib/gcc/arm-linux-androideabi/4.9.x/../../../../arm-linux-androideabi/lib] ==> dir [/opt/android-ndk/toolchains/arm-linux-androideabi-4.9/prebuilt/linux-x86_64/bin/../lib/gcc/arm-linux-androideabi/4.9.x/../../../../arm-linux-androideabi/lib]
    arg [-L/opt/android-ndk/platforms/android-14/arch-arm/usr/lib] ==> dir [/opt/android-ndk/platforms/android-14/arch-arm/usr/lib]
    arg [CMakeFiles/cmTC_724c0.dir/CMakeCCompilerABI.c.o] ==> ignore
    arg [-lgcc] ==> lib [gcc]
    arg [-lc] ==> lib [c]
    arg [-ldl] ==> lib [dl]
    arg [-lgcc] ==> lib [gcc]
    arg [/opt/android-ndk/platforms/android-14/arch-arm/usr/lib/crtend_android.o] ==> ignore
  collapse library dir [/opt/android-ndk/toolchains/arm-linux-androideabi-4.9/prebuilt/linux-x86_64/bin/../lib/gcc/arm-linux-androideabi/4.9.x] ==> [/opt/android-ndk/toolchains/arm-linux-androideabi-4.9/prebuilt/linux-x86_64/lib/gcc/arm-linux-androideabi/4.9.x]
  collapse library dir [/opt/android-ndk/toolchains/arm-linux-androideabi-4.9/prebuilt/linux-x86_64/bin/../lib/gcc] ==> [/opt/android-ndk/toolchains/arm-linux-androideabi-4.9/prebuilt/linux-x86_64/lib/gcc]
  collapse library dir [/opt/android-ndk/toolchains/arm-linux-androideabi-4.9/prebuilt/linux-x86_64/bin/../lib/gcc/arm-linux-androideabi/4.9.x/../../../../arm-linux-androideabi/lib] ==> [/opt/android-ndk/toolchains/arm-linux-androideabi-4.9/prebuilt/linux-x86_64/arm-linux-androideabi/lib]
  collapse library dir [/opt/android-ndk/platforms/android-14/arch-arm/usr/lib] ==> [/opt/android-ndk/platforms/android-14/arch-arm/usr/lib]
  implicit libs: [gcc;c;dl;gcc]
  implicit dirs: [/opt/android-ndk/toolchains/arm-linux-androideabi-4.9/prebuilt/linux-x86_64/lib/gcc/arm-linux-androideabi/4.9.x;/opt/android-ndk/toolchains/arm-linux-androideabi-4.9/prebuilt/linux-x86_64/lib/gcc;/opt/android-ndk/toolchains/arm-linux-androideabi-4.9/prebuilt/linux-x86_64/arm-linux-androideabi/lib;/opt/android-ndk/platforms/android-14/arch-arm/usr/lib]
  implicit fwks: []




Detecting C [-std=c11] compiler features compiled with the following output:
Change Dir: /home/user/Documents/Projects/master_chromium62.0.3202.84/src/anonize2/relic-droid-x86/CMakeFiles/CMakeTmp

Run Build Command:"/usr/bin/make" "cmTC_dc4f7/fast"
/usr/bin/make -f CMakeFiles/cmTC_dc4f7.dir/build.make CMakeFiles/cmTC_dc4f7.dir/build
make[1]: Entering directory '/home/user/Documents/Projects/master_chromium62.0.3202.84/src/anonize2/relic-droid-x86/CMakeFiles/CMakeTmp'
Building C object CMakeFiles/cmTC_dc4f7.dir/feature_tests.c.o
/opt/android-ndk/toolchains/arm-linux-androideabi-4.9/prebuilt/linux-x86_64/bin/arm-linux-androideabi-gcc   --sysroot=/opt/android-ndk/platforms/android-14/arch-arm   -std=c11 -o CMakeFiles/cmTC_dc4f7.dir/feature_tests.c.o   -c /home/user/Documents/Projects/master_chromium62.0.3202.84/src/anonize2/relic-droid-x86/CMakeFiles/feature_tests.c
Linking C executable cmTC_dc4f7
/usr/bin/cmake -E cmake_link_script CMakeFiles/cmTC_dc4f7.dir/link.txt --verbose=1
/opt/android-ndk/toolchains/arm-linux-androideabi-4.9/prebuilt/linux-x86_64/bin/arm-linux-androideabi-gcc   --sysroot=/opt/android-ndk/platforms/android-14/arch-arm      -rdynamic CMakeFiles/cmTC_dc4f7.dir/feature_tests.c.o  -o cmTC_dc4f7 
make[1]: Leaving directory '/home/user/Documents/Projects/master_chromium62.0.3202.84/src/anonize2/relic-droid-x86/CMakeFiles/CMakeTmp'


    Feature record: C_FEATURE:1c_function_prototypes
    Feature record: C_FEATURE:1c_restrict
    Feature record: C_FEATURE:1c_static_assert
    Feature record: C_FEATURE:1c_variadic_macros


Detecting C [-std=c99] compiler features compiled with the following output:
Change Dir: /home/user/Documents/Projects/master_chromium62.0.3202.84/src/anonize2/relic-droid-x86/CMakeFiles/CMakeTmp

Run Build Command:"/usr/bin/make" "cmTC_fa619/fast"
/usr/bin/make -f CMakeFiles/cmTC_fa619.dir/build.make CMakeFiles/cmTC_fa619.dir/build
make[1]: Entering directory '/home/user/Documents/Projects/master_chromium62.0.3202.84/src/anonize2/relic-droid-x86/CMakeFiles/CMakeTmp'
Building C object CMakeFiles/cmTC_fa619.dir/feature_tests.c.o
/opt/android-ndk/toolchains/arm-linux-androideabi-4.9/prebuilt/linux-x86_64/bin/arm-linux-androideabi-gcc   --sysroot=/opt/android-ndk/platforms/android-14/arch-arm   -std=c99 -o CMakeFiles/cmTC_fa619.dir/feature_tests.c.o   -c /home/user/Documents/Projects/master_chromium62.0.3202.84/src/anonize2/relic-droid-x86/CMakeFiles/feature_tests.c
Linking C executable cmTC_fa619
/usr/bin/cmake -E cmake_link_script CMakeFiles/cmTC_fa619.dir/link.txt --verbose=1
/opt/android-ndk/toolchains/arm-linux-androideabi-4.9/prebuilt/linux-x86_64/bin/arm-linux-androideabi-gcc   --sysroot=/opt/android-ndk/platforms/android-14/arch-arm      -rdynamic CMakeFiles/cmTC_fa619.dir/feature_tests.c.o  -o cmTC_fa619 
make[1]: Leaving directory '/home/user/Documents/Projects/master_chromium62.0.3202.84/src/anonize2/relic-droid-x86/CMakeFiles/CMakeTmp'


    Feature record: C_FEATURE:1c_function_prototypes
    Feature record: C_FEATURE:1c_restrict
    Feature record: C_FEATURE:0c_static_assert
    Feature record: C_FEATURE:1c_variadic_macros


Detecting C [-std=c90] compiler features compiled with the following output:
Change Dir: /home/user/Documents/Projects/master_chromium62.0.3202.84/src/anonize2/relic-droid-x86/CMakeFiles/CMakeTmp

Run Build Command:"/usr/bin/make" "cmTC_1a46d/fast"
/usr/bin/make -f CMakeFiles/cmTC_1a46d.dir/build.make CMakeFiles/cmTC_1a46d.dir/build
make[1]: Entering directory '/home/user/Documents/Projects/master_chromium62.0.3202.84/src/anonize2/relic-droid-x86/CMakeFiles/CMakeTmp'
Building C object CMakeFiles/cmTC_1a46d.dir/feature_tests.c.o
/opt/android-ndk/toolchains/arm-linux-androideabi-4.9/prebuilt/linux-x86_64/bin/arm-linux-androideabi-gcc   --sysroot=/opt/android-ndk/platforms/android-14/arch-arm   -std=c90 -o CMakeFiles/cmTC_1a46d.dir/feature_tests.c.o   -c /home/user/Documents/Projects/master_chromium62.0.3202.84/src/anonize2/relic-droid-x86/CMakeFiles/feature_tests.c
Linking C executable cmTC_1a46d
/usr/bin/cmake -E cmake_link_script CMakeFiles/cmTC_1a46d.dir/link.txt --verbose=1
/opt/android-ndk/toolchains/arm-linux-androideabi-4.9/prebuilt/linux-x86_64/bin/arm-linux-androideabi-gcc   --sysroot=/opt/android-ndk/platforms/android-14/arch-arm      -rdynamic CMakeFiles/cmTC_1a46d.dir/feature_tests.c.o  -o cmTC_1a46d 
make[1]: Leaving directory '/home/user/Documents/Projects/master_chromium62.0.3202.84/src/anonize2/relic-droid-x86/CMakeFiles/CMakeTmp'


    Feature record: C_FEATURE:1c_function_prototypes
    Feature record: C_FEATURE:0c_restrict
    Feature record: C_FEATURE:0c_static_assert
    Feature record: C_FEATURE:0c_variadic_macros
Determining if the CXX compiler works passed with the following output:
Change Dir: /home/user/Documents/Projects/master_chromium62.0.3202.84/src/anonize2/relic-droid-x86/CMakeFiles/CMakeTmp

Run Build Command:"/usr/bin/make" "cmTC_f93b6/fast"
/usr/bin/make -f CMakeFiles/cmTC_f93b6.dir/build.make CMakeFiles/cmTC_f93b6.dir/build
make[1]: Entering directory '/home/user/Documents/Projects/master_chromium62.0.3202.84/src/anonize2/relic-droid-x86/CMakeFiles/CMakeTmp'
Building CXX object CMakeFiles/cmTC_f93b6.dir/testCXXCompiler.cxx.o
/opt/android-ndk/toolchains/arm-linux-androideabi-4.9/prebuilt/linux-x86_64/bin/arm-linux-androideabi-g++   --sysroot=/opt/android-ndk/platforms/android-14/arch-arm     -o CMakeFiles/cmTC_f93b6.dir/testCXXCompiler.cxx.o -c /home/user/Documents/Projects/master_chromium62.0.3202.84/src/anonize2/relic-droid-x86/CMakeFiles/CMakeTmp/testCXXCompiler.cxx
Linking CXX executable cmTC_f93b6
/usr/bin/cmake -E cmake_link_script CMakeFiles/cmTC_f93b6.dir/link.txt --verbose=1
/opt/android-ndk/toolchains/arm-linux-androideabi-4.9/prebuilt/linux-x86_64/bin/arm-linux-androideabi-g++   --sysroot=/opt/android-ndk/platforms/android-14/arch-arm       -rdynamic CMakeFiles/cmTC_f93b6.dir/testCXXCompiler.cxx.o  -o cmTC_f93b6 
make[1]: Leaving directory '/home/user/Documents/Projects/master_chromium62.0.3202.84/src/anonize2/relic-droid-x86/CMakeFiles/CMakeTmp'


Detecting CXX compiler ABI info compiled with the following output:
Change Dir: /home/user/Documents/Projects/master_chromium62.0.3202.84/src/anonize2/relic-droid-x86/CMakeFiles/CMakeTmp

Run Build Command:"/usr/bin/make" "cmTC_c8395/fast"
/usr/bin/make -f CMakeFiles/cmTC_c8395.dir/build.make CMakeFiles/cmTC_c8395.dir/build
make[1]: Entering directory '/home/user/Documents/Projects/master_chromium62.0.3202.84/src/anonize2/relic-droid-x86/CMakeFiles/CMakeTmp'
Building CXX object CMakeFiles/cmTC_c8395.dir/CMakeCXXCompilerABI.cpp.o
/opt/android-ndk/toolchains/arm-linux-androideabi-4.9/prebuilt/linux-x86_64/bin/arm-linux-androideabi-g++   --sysroot=/opt/android-ndk/platforms/android-14/arch-arm     -o CMakeFiles/cmTC_c8395.dir/CMakeCXXCompilerABI.cpp.o -c /usr/share/cmake-3.9/Modules/CMakeCXXCompilerABI.cpp
Linking CXX executable cmTC_c8395
/usr/bin/cmake -E cmake_link_script CMakeFiles/cmTC_c8395.dir/link.txt --verbose=1
/opt/android-ndk/toolchains/arm-linux-androideabi-4.9/prebuilt/linux-x86_64/bin/arm-linux-androideabi-g++   --sysroot=/opt/android-ndk/platforms/android-14/arch-arm      -v -rdynamic CMakeFiles/cmTC_c8395.dir/CMakeCXXCompilerABI.cpp.o  -o cmTC_c8395 
Using built-in specs.
COLLECT_GCC=/opt/android-ndk/toolchains/arm-linux-androideabi-4.9/prebuilt/linux-x86_64/bin/arm-linux-androideabi-g++
COLLECT_LTO_WRAPPER=/opt/android-ndk/toolchains/arm-linux-androideabi-4.9/prebuilt/linux-x86_64/bin/../libexec/gcc/arm-linux-androideabi/4.9.x/lto-wrapper
Target: arm-linux-androideabi
Configured with: /usr/local/google/buildbot/src/android/gcc/toolchain/build/../gcc/gcc-4.9/configure --prefix=/tmp/7b21daf2c1357ae66bd1633d4faf8a6d --target=arm-linux-androideabi --host=x86_64-linux-gnu --build=x86_64-linux-gnu --with-gnu-as --with-gnu-ld --enable-languages=c,c++ --with-gmp=/buildbot/tmp/build/toolchain/temp-install --with-mpfr=/buildbot/tmp/build/toolchain/temp-install --with-mpc=/buildbot/tmp/build/toolchain/temp-install --with-cloog=/buildbot/tmp/build/toolchain/temp-install --with-isl=/buildbot/tmp/build/toolchain/temp-install --with-ppl=/buildbot/tmp/build/toolchain/temp-install --disable-ppl-version-check --disable-cloog-version-check --disable-isl-version-check --enable-cloog-backend=isl --with-host-libstdcxx='-static-libgcc -Wl,-Bstatic,-lstdc++,-Bdynamic -lm' --disable-libssp --enable-threads --disable-nls --disable-libmudflap --disable-libgomp --disable-libstdc__-v3 --disable-sjlj-exceptions --disable-shared --disable-tls --disable-libitm --with-float=soft --with-fpu=vfp --with-arch=armv5te --enable-target-optspace --enable-bionic-libs --enable-libatomic-ifuncs=no --enable-initfini-array --disable-nls --prefix=/tmp/7b21daf2c1357ae66bd1633d4faf8a6d --with-sysroot=/tmp/7b21daf2c1357ae66bd1633d4faf8a6d/sysroot --with-binutils-version=2.27 --with-mpfr-version=3.1.1 --with-mpc-version=1.0.1 --with-gmp-version=5.0.5 --with-gcc-version=4.9 --with-gdb-version=none --with-gxx-include-dir=/tmp/7b21daf2c1357ae66bd1633d4faf8a6d/include/c++/4.9.x --with-bugurl=http://source.android.com/source/report-bugs.html --enable-languages=c,c++ --disable-bootstrap --enable-plugins --enable-libgomp --enable-gnu-indirect-function --disable-libsanitizer --enable-gold --enable-threads --enable-eh-frame-hdr-for-static --enable-graphite=yes --with-isl-version=0.11.1 --with-cloog-version=0.18.0 --with-arch=armv5te --program-transform-name='s&^&arm-linux-androideabi-&' --enable-gold=default
Thread model: posix
gcc version 4.9.x 20150123 (prerelease) (GCC) 
COMPILER_PATH=/opt/android-ndk/toolchains/arm-linux-androideabi-4.9/prebuilt/linux-x86_64/bin/../libexec/gcc/arm-linux-androideabi/4.9.x/:/opt/android-ndk/toolchains/arm-linux-androideabi-4.9/prebuilt/linux-x86_64/bin/../libexec/gcc/:/opt/android-ndk/toolchains/arm-linux-androideabi-4.9/prebuilt/linux-x86_64/bin/../lib/gcc/arm-linux-androideabi/4.9.x/../../../../arm-linux-androideabi/bin/
LIBRARY_PATH=/opt/android-ndk/toolchains/arm-linux-androideabi-4.9/prebuilt/linux-x86_64/bin/../lib/gcc/arm-linux-androideabi/4.9.x/:/opt/android-ndk/toolchains/arm-linux-androideabi-4.9/prebuilt/linux-x86_64/bin/../lib/gcc/:/opt/android-ndk/toolchains/arm-linux-androideabi-4.9/prebuilt/linux-x86_64/bin/../lib/gcc/arm-linux-androideabi/4.9.x/../../../../arm-linux-androideabi/lib/:/opt/android-ndk/platforms/android-14/arch-arm/usr/lib/
COLLECT_GCC_OPTIONS='-v' '-rdynamic' '-o' 'cmTC_c8395' '-march=armv5te' '-mfloat-abi=soft' '-mfpu=vfp' '-mtls-dialect=gnu'
 /opt/android-ndk/toolchains/arm-linux-androideabi-4.9/prebuilt/linux-x86_64/bin/../libexec/gcc/arm-linux-androideabi/4.9.x/collect2 -plugin /opt/android-ndk/toolchains/arm-linux-androideabi-4.9/prebuilt/linux-x86_64/bin/../libexec/gcc/arm-linux-androideabi/4.9.x/liblto_plugin.so -plugin-opt=/opt/android-ndk/toolchains/arm-linux-androideabi-4.9/prebuilt/linux-x86_64/bin/../libexec/gcc/arm-linux-androideabi/4.9.x/lto-wrapper -plugin-opt=-fresolution=/tmp/ccNieEBj.res -plugin-opt=-pass-through=-lgcc -plugin-opt=-pass-through=-lc -plugin-opt=-pass-through=-ldl -plugin-opt=-pass-through=-lgcc --sysroot=/opt/android-ndk/platforms/android-14/arch-arm --eh-frame-hdr -export-dynamic -dynamic-linker /system/bin/linker -X -m armelf_linux_eabi -z noexecstack -z relro -z now -o cmTC_c8395 /opt/android-ndk/platforms/android-14/arch-arm/usr/lib/crtbegin_dynamic.o -L/opt/android-ndk/toolchains/arm-linux-androideabi-4.9/prebuilt/linux-x86_64/bin/../lib/gcc/arm-linux-androideabi/4.9.x -L/opt/android-ndk/toolchains/arm-linux-androideabi-4.9/prebuilt/linux-x86_64/bin/../lib/gcc -L/opt/android-ndk/toolchains/arm-linux-androideabi-4.9/prebuilt/linux-x86_64/bin/../lib/gcc/arm-linux-androideabi/4.9.x/../../../../arm-linux-androideabi/lib -L/opt/android-ndk/platforms/android-14/arch-arm/usr/lib CMakeFiles/cmTC_c8395.dir/CMakeCXXCompilerABI.cpp.o -lstdc++ -lm -lgcc -lc -ldl -lgcc /opt/android-ndk/platforms/android-14/arch-arm/usr/lib/crtend_android.o
make[1]: Leaving directory '/home/user/Documents/Projects/master_chromium62.0.3202.84/src/anonize2/relic-droid-x86/CMakeFiles/CMakeTmp'


Parsed CXX implicit link information from above output:
  link line regex: [^( *|.*[/\])(ld|CMAKE_LINK_STARTFILE-NOTFOUND|([^/\]+-)?ld|collect2)[^/\]*( |$)]
  ignore line: [Change Dir: /home/user/Documents/Projects/master_chromium62.0.3202.84/src/anonize2/relic-droid-x86/CMakeFiles/CMakeTmp]
  ignore line: []
  ignore line: [Run Build Command:"/usr/bin/make" "cmTC_c8395/fast"]
  ignore line: [/usr/bin/make -f CMakeFiles/cmTC_c8395.dir/build.make CMakeFiles/cmTC_c8395.dir/build]
  ignore line: [make[1]: Entering directory '/home/user/Documents/Projects/master_chromium62.0.3202.84/src/anonize2/relic-droid-x86/CMakeFiles/CMakeTmp']
  ignore line: [Building CXX object CMakeFiles/cmTC_c8395.dir/CMakeCXXCompilerABI.cpp.o]
  ignore line: [/opt/android-ndk/toolchains/arm-linux-androideabi-4.9/prebuilt/linux-x86_64/bin/arm-linux-androideabi-g++   --sysroot=/opt/android-ndk/platforms/android-14/arch-arm     -o CMakeFiles/cmTC_c8395.dir/CMakeCXXCompilerABI.cpp.o -c /usr/share/cmake-3.9/Modules/CMakeCXXCompilerABI.cpp]
  ignore line: [Linking CXX executable cmTC_c8395]
  ignore line: [/usr/bin/cmake -E cmake_link_script CMakeFiles/cmTC_c8395.dir/link.txt --verbose=1]
  ignore line: [/opt/android-ndk/toolchains/arm-linux-androideabi-4.9/prebuilt/linux-x86_64/bin/arm-linux-androideabi-g++   --sysroot=/opt/android-ndk/platforms/android-14/arch-arm      -v -rdynamic CMakeFiles/cmTC_c8395.dir/CMakeCXXCompilerABI.cpp.o  -o cmTC_c8395 ]
  ignore line: [Using built-in specs.]
  ignore line: [COLLECT_GCC=/opt/android-ndk/toolchains/arm-linux-androideabi-4.9/prebuilt/linux-x86_64/bin/arm-linux-androideabi-g++]
  ignore line: [COLLECT_LTO_WRAPPER=/opt/android-ndk/toolchains/arm-linux-androideabi-4.9/prebuilt/linux-x86_64/bin/../libexec/gcc/arm-linux-androideabi/4.9.x/lto-wrapper]
  ignore line: [Target: arm-linux-androideabi]
  ignore line: [Configured with: /usr/local/google/buildbot/src/android/gcc/toolchain/build/../gcc/gcc-4.9/configure --prefix=/tmp/7b21daf2c1357ae66bd1633d4faf8a6d --target=arm-linux-androideabi --host=x86_64-linux-gnu --build=x86_64-linux-gnu --with-gnu-as --with-gnu-ld --enable-languages=c,c++ --with-gmp=/buildbot/tmp/build/toolchain/temp-install --with-mpfr=/buildbot/tmp/build/toolchain/temp-install --with-mpc=/buildbot/tmp/build/toolchain/temp-install --with-cloog=/buildbot/tmp/build/toolchain/temp-install --with-isl=/buildbot/tmp/build/toolchain/temp-install --with-ppl=/buildbot/tmp/build/toolchain/temp-install --disable-ppl-version-check --disable-cloog-version-check --disable-isl-version-check --enable-cloog-backend=isl --with-host-libstdcxx='-static-libgcc -Wl,-Bstatic,-lstdc++,-Bdynamic -lm' --disable-libssp --enable-threads --disable-nls --disable-libmudflap --disable-libgomp --disable-libstdc__-v3 --disable-sjlj-exceptions --disable-shared --disable-tls --disable-libitm --with-float=soft --with-fpu=vfp --with-arch=armv5te --enable-target-optspace --enable-bionic-libs --enable-libatomic-ifuncs=no --enable-initfini-array --disable-nls --prefix=/tmp/7b21daf2c1357ae66bd1633d4faf8a6d --with-sysroot=/tmp/7b21daf2c1357ae66bd1633d4faf8a6d/sysroot --with-binutils-version=2.27 --with-mpfr-version=3.1.1 --with-mpc-version=1.0.1 --with-gmp-version=5.0.5 --with-gcc-version=4.9 --with-gdb-version=none --with-gxx-include-dir=/tmp/7b21daf2c1357ae66bd1633d4faf8a6d/include/c++/4.9.x --with-bugurl=http://source.android.com/source/report-bugs.html --enable-languages=c,c++ --disable-bootstrap --enable-plugins --enable-libgomp --enable-gnu-indirect-function --disable-libsanitizer --enable-gold --enable-threads --enable-eh-frame-hdr-for-static --enable-graphite=yes --with-isl-version=0.11.1 --with-cloog-version=0.18.0 --with-arch=armv5te --program-transform-name='s&^&arm-linux-androideabi-&' --enable-gold=default]
  ignore line: [Thread model: posix]
  ignore line: [gcc version 4.9.x 20150123 (prerelease) (GCC) ]
  ignore line: [COMPILER_PATH=/opt/android-ndk/toolchains/arm-linux-androideabi-4.9/prebuilt/linux-x86_64/bin/../libexec/gcc/arm-linux-androideabi/4.9.x/:/opt/android-ndk/toolchains/arm-linux-androideabi-4.9/prebuilt/linux-x86_64/bin/../libexec/gcc/:/opt/android-ndk/toolchains/arm-linux-androideabi-4.9/prebuilt/linux-x86_64/bin/../lib/gcc/arm-linux-androideabi/4.9.x/../../../../arm-linux-androideabi/bin/]
  ignore line: [LIBRARY_PATH=/opt/android-ndk/toolchains/arm-linux-androideabi-4.9/prebuilt/linux-x86_64/bin/../lib/gcc/arm-linux-androideabi/4.9.x/:/opt/android-ndk/toolchains/arm-linux-androideabi-4.9/prebuilt/linux-x86_64/bin/../lib/gcc/:/opt/android-ndk/toolchains/arm-linux-androideabi-4.9/prebuilt/linux-x86_64/bin/../lib/gcc/arm-linux-androideabi/4.9.x/../../../../arm-linux-androideabi/lib/:/opt/android-ndk/platforms/android-14/arch-arm/usr/lib/]
  ignore line: [COLLECT_GCC_OPTIONS='-v' '-rdynamic' '-o' 'cmTC_c8395' '-march=armv5te' '-mfloat-abi=soft' '-mfpu=vfp' '-mtls-dialect=gnu']
  link line: [ /opt/android-ndk/toolchains/arm-linux-androideabi-4.9/prebuilt/linux-x86_64/bin/../libexec/gcc/arm-linux-androideabi/4.9.x/collect2 -plugin /opt/android-ndk/toolchains/arm-linux-androideabi-4.9/prebuilt/linux-x86_64/bin/../libexec/gcc/arm-linux-androideabi/4.9.x/liblto_plugin.so -plugin-opt=/opt/android-ndk/toolchains/arm-linux-androideabi-4.9/prebuilt/linux-x86_64/bin/../libexec/gcc/arm-linux-androideabi/4.9.x/lto-wrapper -plugin-opt=-fresolution=/tmp/ccNieEBj.res -plugin-opt=-pass-through=-lgcc -plugin-opt=-pass-through=-lc -plugin-opt=-pass-through=-ldl -plugin-opt=-pass-through=-lgcc --sysroot=/opt/android-ndk/platforms/android-14/arch-arm --eh-frame-hdr -export-dynamic -dynamic-linker /system/bin/linker -X -m armelf_linux_eabi -z noexecstack -z relro -z now -o cmTC_c8395 /opt/android-ndk/platforms/android-14/arch-arm/usr/lib/crtbegin_dynamic.o -L/opt/android-ndk/toolchains/arm-linux-androideabi-4.9/prebuilt/linux-x86_64/bin/../lib/gcc/arm-linux-androideabi/4.9.x -L/opt/android-ndk/toolchains/arm-linux-androideabi-4.9/prebuilt/linux-x86_64/bin/../lib/gcc -L/opt/android-ndk/toolchains/arm-linux-androideabi-4.9/prebuilt/linux-x86_64/bin/../lib/gcc/arm-linux-androideabi/4.9.x/../../../../arm-linux-androideabi/lib -L/opt/android-ndk/platforms/android-14/arch-arm/usr/lib CMakeFiles/cmTC_c8395.dir/CMakeCXXCompilerABI.cpp.o -lstdc++ -lm -lgcc -lc -ldl -lgcc /opt/android-ndk/platforms/android-14/arch-arm/usr/lib/crtend_android.o]
    arg [/opt/android-ndk/toolchains/arm-linux-androideabi-4.9/prebuilt/linux-x86_64/bin/../libexec/gcc/arm-linux-androideabi/4.9.x/collect2] ==> ignore
    arg [-plugin] ==> ignore
    arg [/opt/android-ndk/toolchains/arm-linux-androideabi-4.9/prebuilt/linux-x86_64/bin/../libexec/gcc/arm-linux-androideabi/4.9.x/liblto_plugin.so] ==> ignore
    arg [-plugin-opt=/opt/android-ndk/toolchains/arm-linux-androideabi-4.9/prebuilt/linux-x86_64/bin/../libexec/gcc/arm-linux-androideabi/4.9.x/lto-wrapper] ==> ignore
    arg [-plugin-opt=-fresolution=/tmp/ccNieEBj.res] ==> ignore
    arg [-plugin-opt=-pass-through=-lgcc] ==> ignore
    arg [-plugin-opt=-pass-through=-lc] ==> ignore
    arg [-plugin-opt=-pass-through=-ldl] ==> ignore
    arg [-plugin-opt=-pass-through=-lgcc] ==> ignore
    arg [--sysroot=/opt/android-ndk/platforms/android-14/arch-arm] ==> ignore
    arg [--eh-frame-hdr] ==> ignore
    arg [-export-dynamic] ==> ignore
    arg [-dynamic-linker] ==> ignore
    arg [/system/bin/linker] ==> ignore
    arg [-X] ==> ignore
    arg [-m] ==> ignore
    arg [armelf_linux_eabi] ==> ignore
    arg [-znoexecstack] ==> ignore
    arg [-zrelro] ==> ignore
    arg [-znow] ==> ignore
    arg [-o] ==> ignore
    arg [cmTC_c8395] ==> ignore
    arg [/opt/android-ndk/platforms/android-14/arch-arm/usr/lib/crtbegin_dynamic.o] ==> ignore
    arg [-L/opt/android-ndk/toolchains/arm-linux-androideabi-4.9/prebuilt/linux-x86_64/bin/../lib/gcc/arm-linux-androideabi/4.9.x] ==> dir [/opt/android-ndk/toolchains/arm-linux-androideabi-4.9/prebuilt/linux-x86_64/bin/../lib/gcc/arm-linux-androideabi/4.9.x]
    arg [-L/opt/android-ndk/toolchains/arm-linux-androideabi-4.9/prebuilt/linux-x86_64/bin/../lib/gcc] ==> dir [/opt/android-ndk/toolchains/arm-linux-androideabi-4.9/prebuilt/linux-x86_64/bin/../lib/gcc]
    arg [-L/opt/android-ndk/toolchains/arm-linux-androideabi-4.9/prebuilt/linux-x86_64/bin/../lib/gcc/arm-linux-androideabi/4.9.x/../../../../arm-linux-androideabi/lib] ==> dir [/opt/android-ndk/toolchains/arm-linux-androideabi-4.9/prebuilt/linux-x86_64/bin/../lib/gcc/arm-linux-androideabi/4.9.x/../../../../arm-linux-androideabi/lib]
    arg [-L/opt/android-ndk/platforms/android-14/arch-arm/usr/lib] ==> dir [/opt/android-ndk/platforms/android-14/arch-arm/usr/lib]
    arg [CMakeFiles/cmTC_c8395.dir/CMakeCXXCompilerABI.cpp.o] ==> ignore
    arg [-lstdc++] ==> lib [stdc++]
    arg [-lm] ==> lib [m]
    arg [-lgcc] ==> lib [gcc]
    arg [-lc] ==> lib [c]
    arg [-ldl] ==> lib [dl]
    arg [-lgcc] ==> lib [gcc]
    arg [/opt/android-ndk/platforms/android-14/arch-arm/usr/lib/crtend_android.o] ==> ignore
  collapse library dir [/opt/android-ndk/toolchains/arm-linux-androideabi-4.9/prebuilt/linux-x86_64/bin/../lib/gcc/arm-linux-androideabi/4.9.x] ==> [/opt/android-ndk/toolchains/arm-linux-androideabi-4.9/prebuilt/linux-x86_64/lib/gcc/arm-linux-androideabi/4.9.x]
  collapse library dir [/opt/android-ndk/toolchains/arm-linux-androideabi-4.9/prebuilt/linux-x86_64/bin/../lib/gcc] ==> [/opt/android-ndk/toolchains/arm-linux-androideabi-4.9/prebuilt/linux-x86_64/lib/gcc]
  collapse library dir [/opt/android-ndk/toolchains/arm-linux-androideabi-4.9/prebuilt/linux-x86_64/bin/../lib/gcc/arm-linux-androideabi/4.9.x/../../../../arm-linux-androideabi/lib] ==> [/opt/android-ndk/toolchains/arm-linux-androideabi-4.9/prebuilt/linux-x86_64/arm-linux-androideabi/lib]
  collapse library dir [/opt/android-ndk/platforms/android-14/arch-arm/usr/lib] ==> [/opt/android-ndk/platforms/android-14/arch-arm/usr/lib]
  implicit libs: [stdc++;m;gcc;c;dl;gcc]
  implicit dirs: [/opt/android-ndk/toolchains/arm-linux-androideabi-4.9/prebuilt/linux-x86_64/lib/gcc/arm-linux-androideabi/4.9.x;/opt/android-ndk/toolchains/arm-linux-androideabi-4.9/prebuilt/linux-x86_64/lib/gcc;/opt/android-ndk/toolchains/arm-linux-androideabi-4.9/prebuilt/linux-x86_64/arm-linux-androideabi/lib;/opt/android-ndk/platforms/android-14/arch-arm/usr/lib]
  implicit fwks: []




Detecting CXX [-std=c++14] compiler features compiled with the following output:
Change Dir: /home/user/Documents/Projects/master_chromium62.0.3202.84/src/anonize2/relic-droid-x86/CMakeFiles/CMakeTmp

Run Build Command:"/usr/bin/make" "cmTC_78575/fast"
/usr/bin/make -f CMakeFiles/cmTC_78575.dir/build.make CMakeFiles/cmTC_78575.dir/build
make[1]: Entering directory '/home/user/Documents/Projects/master_chromium62.0.3202.84/src/anonize2/relic-droid-x86/CMakeFiles/CMakeTmp'
Building CXX object CMakeFiles/cmTC_78575.dir/feature_tests.cxx.o
/opt/android-ndk/toolchains/arm-linux-androideabi-4.9/prebuilt/linux-x86_64/bin/arm-linux-androideabi-g++   --sysroot=/opt/android-ndk/platforms/android-14/arch-arm    -std=c++14 -o CMakeFiles/cmTC_78575.dir/feature_tests.cxx.o -c /home/user/Documents/Projects/master_chromium62.0.3202.84/src/anonize2/relic-droid-x86/CMakeFiles/feature_tests.cxx
Linking CXX executable cmTC_78575
/usr/bin/cmake -E cmake_link_script CMakeFiles/cmTC_78575.dir/link.txt --verbose=1
/opt/android-ndk/toolchains/arm-linux-androideabi-4.9/prebuilt/linux-x86_64/bin/arm-linux-androideabi-g++   --sysroot=/opt/android-ndk/platforms/android-14/arch-arm       -rdynamic CMakeFiles/cmTC_78575.dir/feature_tests.cxx.o  -o cmTC_78575 
make[1]: Leaving directory '/home/user/Documents/Projects/master_chromium62.0.3202.84/src/anonize2/relic-droid-x86/CMakeFiles/CMakeTmp'


    Feature record: CXX_FEATURE:0cxx_aggregate_default_initializers
    Feature record: CXX_FEATURE:1cxx_alias_templates
    Feature record: CXX_FEATURE:1cxx_alignas
    Feature record: CXX_FEATURE:1cxx_alignof
    Feature record: CXX_FEATURE:1cxx_attributes
    Feature record: CXX_FEATURE:1cxx_attribute_deprecated
    Feature record: CXX_FEATURE:1cxx_auto_type
    Feature record: CXX_FEATURE:1cxx_binary_literals
    Feature record: CXX_FEATURE:1cxx_constexpr
    Feature record: CXX_FEATURE:1cxx_contextual_conversions
    Feature record: CXX_FEATURE:1cxx_decltype
    Feature record: CXX_FEATURE:1cxx_decltype_auto
    Feature record: CXX_FEATURE:1cxx_decltype_incomplete_return_types
    Feature record: CXX_FEATURE:1cxx_default_function_template_args
    Feature record: CXX_FEATURE:1cxx_defaulted_functions
    Feature record: CXX_FEATURE:1cxx_defaulted_move_initializers
    Feature record: CXX_FEATURE:1cxx_delegating_constructors
    Feature record: CXX_FEATURE:1cxx_deleted_functions
    Feature record: CXX_FEATURE:1cxx_digit_separators
    Feature record: CXX_FEATURE:1cxx_enum_forward_declarations
    Feature record: CXX_FEATURE:1cxx_explicit_conversions
    Feature record: CXX_FEATURE:1cxx_extended_friend_declarations
    Feature record: CXX_FEATURE:1cxx_extern_templates
    Feature record: CXX_FEATURE:1cxx_final
    Feature record: CXX_FEATURE:1cxx_func_identifier
    Feature record: CXX_FEATURE:1cxx_generalized_initializers
    Feature record: CXX_FEATURE:1cxx_generic_lambdas
    Feature record: CXX_FEATURE:1cxx_inheriting_constructors
    Feature record: CXX_FEATURE:1cxx_inline_namespaces
    Feature record: CXX_FEATURE:1cxx_lambdas
    Feature record: CXX_FEATURE:1cxx_lambda_init_captures
    Feature record: CXX_FEATURE:1cxx_local_type_template_args
    Feature record: CXX_FEATURE:1cxx_long_long_type
    Feature record: CXX_FEATURE:1cxx_noexcept
    Feature record: CXX_FEATURE:1cxx_nonstatic_member_init
    Feature record: CXX_FEATURE:1cxx_nullptr
    Feature record: CXX_FEATURE:1cxx_override
    Feature record: CXX_FEATURE:1cxx_range_for
    Feature record: CXX_FEATURE:1cxx_raw_string_literals
    Feature record: CXX_FEATURE:1cxx_reference_qualified_functions
    Feature record: CXX_FEATURE:0cxx_relaxed_constexpr
    Feature record: CXX_FEATURE:1cxx_return_type_deduction
    Feature record: CXX_FEATURE:1cxx_right_angle_brackets
    Feature record: CXX_FEATURE:1cxx_rvalue_references
    Feature record: CXX_FEATURE:1cxx_sizeof_member
    Feature record: CXX_FEATURE:1cxx_static_assert
    Feature record: CXX_FEATURE:1cxx_strong_enums
    Feature record: CXX_FEATURE:1cxx_template_template_parameters
    Feature record: CXX_FEATURE:1cxx_thread_local
    Feature record: CXX_FEATURE:1cxx_trailing_return_types
    Feature record: CXX_FEATURE:1cxx_unicode_literals
    Feature record: CXX_FEATURE:1cxx_uniform_initialization
    Feature record: CXX_FEATURE:1cxx_unrestricted_unions
    Feature record: CXX_FEATURE:1cxx_user_literals
    Feature record: CXX_FEATURE:0cxx_variable_templates
    Feature record: CXX_FEATURE:1cxx_variadic_macros
    Feature record: CXX_FEATURE:1cxx_variadic_templates


Detecting CXX [-std=c++11] compiler features compiled with the following output:
Change Dir: /home/user/Documents/Projects/master_chromium62.0.3202.84/src/anonize2/relic-droid-x86/CMakeFiles/CMakeTmp

Run Build Command:"/usr/bin/make" "cmTC_c1b8c/fast"
/usr/bin/make -f CMakeFiles/cmTC_c1b8c.dir/build.make CMakeFiles/cmTC_c1b8c.dir/build
make[1]: Entering directory '/home/user/Documents/Projects/master_chromium62.0.3202.84/src/anonize2/relic-droid-x86/CMakeFiles/CMakeTmp'
Building CXX object CMakeFiles/cmTC_c1b8c.dir/feature_tests.cxx.o
/opt/android-ndk/toolchains/arm-linux-androideabi-4.9/prebuilt/linux-x86_64/bin/arm-linux-androideabi-g++   --sysroot=/opt/android-ndk/platforms/android-14/arch-arm    -std=c++11 -o CMakeFiles/cmTC_c1b8c.dir/feature_tests.cxx.o -c /home/user/Documents/Projects/master_chromium62.0.3202.84/src/anonize2/relic-droid-x86/CMakeFiles/feature_tests.cxx
Linking CXX executable cmTC_c1b8c
/usr/bin/cmake -E cmake_link_script CMakeFiles/cmTC_c1b8c.dir/link.txt --verbose=1
/opt/android-ndk/toolchains/arm-linux-androideabi-4.9/prebuilt/linux-x86_64/bin/arm-linux-androideabi-g++   --sysroot=/opt/android-ndk/platforms/android-14/arch-arm       -rdynamic CMakeFiles/cmTC_c1b8c.dir/feature_tests.cxx.o  -o cmTC_c1b8c 
make[1]: Leaving directory '/home/user/Documents/Projects/master_chromium62.0.3202.84/src/anonize2/relic-droid-x86/CMakeFiles/CMakeTmp'


    Feature record: CXX_FEATURE:0cxx_aggregate_default_initializers
    Feature record: CXX_FEATURE:1cxx_alias_templates
    Feature record: CXX_FEATURE:1cxx_alignas
    Feature record: CXX_FEATURE:1cxx_alignof
    Feature record: CXX_FEATURE:1cxx_attributes
    Feature record: CXX_FEATURE:0cxx_attribute_deprecated
    Feature record: CXX_FEATURE:1cxx_auto_type
    Feature record: CXX_FEATURE:0cxx_binary_literals
    Feature record: CXX_FEATURE:1cxx_constexpr
    Feature record: CXX_FEATURE:0cxx_contextual_conversions
    Feature record: CXX_FEATURE:1cxx_decltype
    Feature record: CXX_FEATURE:0cxx_decltype_auto
    Feature record: CXX_FEATURE:1cxx_decltype_incomplete_return_types
    Feature record: CXX_FEATURE:1cxx_default_function_template_args
    Feature record: CXX_FEATURE:1cxx_defaulted_functions
    Feature record: CXX_FEATURE:1cxx_defaulted_move_initializers
    Feature record: CXX_FEATURE:1cxx_delegating_constructors
    Feature record: CXX_FEATURE:1cxx_deleted_functions
    Feature record: CXX_FEATURE:0cxx_digit_separators
    Feature record: CXX_FEATURE:1cxx_enum_forward_declarations
    Feature record: CXX_FEATURE:1cxx_explicit_conversions
    Feature record: CXX_FEATURE:1cxx_extended_friend_declarations
    Feature record: CXX_FEATURE:1cxx_extern_templates
    Feature record: CXX_FEATURE:1cxx_final
    Feature record: CXX_FEATURE:1cxx_func_identifier
    Feature record: CXX_FEATURE:1cxx_generalized_initializers
    Feature record: CXX_FEATURE:0cxx_generic_lambdas
    Feature record: CXX_FEATURE:1cxx_inheriting_constructors
    Feature record: CXX_FEATURE:1cxx_inline_namespaces
    Feature record: CXX_FEATURE:1cxx_lambdas
    Feature record: CXX_FEATURE:0cxx_lambda_init_captures
    Feature record: CXX_FEATURE:1cxx_local_type_template_args
    Feature record: CXX_FEATURE:1cxx_long_long_type
    Feature record: CXX_FEATURE:1cxx_noexcept
    Feature record: CXX_FEATURE:1cxx_nonstatic_member_init
    Feature record: CXX_FEATURE:1cxx_nullptr
    Feature record: CXX_FEATURE:1cxx_override
    Feature record: CXX_FEATURE:1cxx_range_for
    Feature record: CXX_FEATURE:1cxx_raw_string_literals
    Feature record: CXX_FEATURE:1cxx_reference_qualified_functions
    Feature record: CXX_FEATURE:0cxx_relaxed_constexpr
    Feature record: CXX_FEATURE:0cxx_return_type_deduction
    Feature record: CXX_FEATURE:1cxx_right_angle_brackets
    Feature record: CXX_FEATURE:1cxx_rvalue_references
    Feature record: CXX_FEATURE:1cxx_sizeof_member
    Feature record: CXX_FEATURE:1cxx_static_assert
    Feature record: CXX_FEATURE:1cxx_strong_enums
    Feature record: CXX_FEATURE:1cxx_template_template_parameters
    Feature record: CXX_FEATURE:1cxx_thread_local
    Feature record: CXX_FEATURE:1cxx_trailing_return_types
    Feature record: CXX_FEATURE:1cxx_unicode_literals
    Feature record: CXX_FEATURE:1cxx_uniform_initialization
    Feature record: CXX_FEATURE:1cxx_unrestricted_unions
    Feature record: CXX_FEATURE:1cxx_user_literals
    Feature record: CXX_FEATURE:0cxx_variable_templates
    Feature record: CXX_FEATURE:1cxx_variadic_macros
    Feature record: CXX_FEATURE:1cxx_variadic_templates


Detecting CXX [-std=c++98] compiler features compiled with the following output:
Change Dir: /home/user/Documents/Projects/master_chromium62.0.3202.84/src/anonize2/relic-droid-x86/CMakeFiles/CMakeTmp

Run Build Command:"/usr/bin/make" "cmTC_2cdb9/fast"
/usr/bin/make -f CMakeFiles/cmTC_2cdb9.dir/build.make CMakeFiles/cmTC_2cdb9.dir/build
make[1]: Entering directory '/home/user/Documents/Projects/master_chromium62.0.3202.84/src/anonize2/relic-droid-x86/CMakeFiles/CMakeTmp'
Building CXX object CMakeFiles/cmTC_2cdb9.dir/feature_tests.cxx.o
/opt/android-ndk/toolchains/arm-linux-androideabi-4.9/prebuilt/linux-x86_64/bin/arm-linux-androideabi-g++   --sysroot=/opt/android-ndk/platforms/android-14/arch-arm    -std=c++98 -o CMakeFiles/cmTC_2cdb9.dir/feature_tests.cxx.o -c /home/user/Documents/Projects/master_chromium62.0.3202.84/src/anonize2/relic-droid-x86/CMakeFiles/feature_tests.cxx
Linking CXX executable cmTC_2cdb9
/usr/bin/cmake -E cmake_link_script CMakeFiles/cmTC_2cdb9.dir/link.txt --verbose=1
/opt/android-ndk/toolchains/arm-linux-androideabi-4.9/prebuilt/linux-x86_64/bin/arm-linux-androideabi-g++   --sysroot=/opt/android-ndk/platforms/android-14/arch-arm       -rdynamic CMakeFiles/cmTC_2cdb9.dir/feature_tests.cxx.o  -o cmTC_2cdb9 
make[1]: Leaving directory '/home/user/Documents/Projects/master_chromium62.0.3202.84/src/anonize2/relic-droid-x86/CMakeFiles/CMakeTmp'


    Feature record: CXX_FEATURE:0cxx_aggregate_default_initializers
    Feature record: CXX_FEATURE:0cxx_alias_templates
    Feature record: CXX_FEATURE:0cxx_alignas
    Feature record: CXX_FEATURE:0cxx_alignof
    Feature record: CXX_FEATURE:0cxx_attributes
    Feature record: CXX_FEATURE:0cxx_attribute_deprecated
    Feature record: CXX_FEATURE:0cxx_auto_type
    Feature record: CXX_FEATURE:0cxx_binary_literals
    Feature record: CXX_FEATURE:0cxx_constexpr
    Feature record: CXX_FEATURE:0cxx_contextual_conversions
    Feature record: CXX_FEATURE:0cxx_decltype
    Feature record: CXX_FEATURE:0cxx_decltype_auto
    Feature record: CXX_FEATURE:0cxx_decltype_incomplete_return_types
    Feature record: CXX_FEATURE:0cxx_default_function_template_args
    Feature record: CXX_FEATURE:0cxx_defaulted_functions
    Feature record: CXX_FEATURE:0cxx_defaulted_move_initializers
    Feature record: CXX_FEATURE:0cxx_delegating_constructors
    Feature record: CXX_FEATURE:0cxx_deleted_functions
    Feature record: CXX_FEATURE:0cxx_digit_separators
    Feature record: CXX_FEATURE:0cxx_enum_forward_declarations
    Feature record: CXX_FEATURE:0cxx_explicit_conversions
    Feature record: CXX_FEATURE:0cxx_extended_friend_declarations
    Feature record: CXX_FEATURE:0cxx_extern_templates
    Feature record: CXX_FEATURE:0cxx_final
    Feature record: CXX_FEATURE:0cxx_func_identifier
    Feature record: CXX_FEATURE:0cxx_generalized_initializers
    Feature record: CXX_FEATURE:0cxx_generic_lambdas
    Feature record: CXX_FEATURE:0cxx_inheriting_constructors
    Feature record: CXX_FEATURE:0cxx_inline_namespaces
    Feature record: CXX_FEATURE:0cxx_lambdas
    Feature record: CXX_FEATURE:0cxx_lambda_init_captures
    Feature record: CXX_FEATURE:0cxx_local_type_template_args
    Feature record: CXX_FEATURE:0cxx_long_long_type
    Feature record: CXX_FEATURE:0cxx_noexcept
    Feature record: CXX_FEATURE:0cxx_nonstatic_member_init
    Feature record: CXX_FEATURE:0cxx_nullptr
    Feature record: CXX_FEATURE:0cxx_override
    Feature record: CXX_FEATURE:0cxx_range_for
    Feature record: CXX_FEATURE:0cxx_raw_string_literals
    Feature record: CXX_FEATURE:0cxx_reference_qualified_functions
    Feature record: CXX_FEATURE:0cxx_relaxed_constexpr
    Feature record: CXX_FEATURE:0cxx_return_type_deduction
    Feature record: CXX_FEATURE:0cxx_right_angle_brackets
    Feature record: CXX_FEATURE:0cxx_rvalue_references
    Feature record: CXX_FEATURE:0cxx_sizeof_member
    Feature record: CXX_FEATURE:0cxx_static_assert
    Feature record: CXX_FEATURE:0cxx_strong_enums
    Feature record: CXX_FEATURE:1cxx_template_template_parameters
    Feature record: CXX_FEATURE:0cxx_thread_local
    Feature record: CXX_FEATURE:0cxx_trailing_return_types
    Feature record: CXX_FEATURE:0cxx_unicode_literals
    Feature record: CXX_FEATURE:0cxx_uniform_initialization
    Feature record: CXX_FEATURE:0cxx_unrestricted_unions
    Feature record: CXX_FEATURE:0cxx_user_literals
    Feature record: CXX_FEATURE:0cxx_variable_templates
    Feature record: CXX_FEATURE:0cxx_variadic_macros
    Feature record: CXX_FEATURE:0cxx_variadic_templates
